{
"/home/hunter/Documents/ng2-group-multiselect/src/raw-multiselect.component.spec.ts":{"path":"/home/hunter/Documents/ng2-group-multiselect/src/raw-multiselect.component.spec.ts","s":{"1":1,"2":1,"3":1,"4":1,"5":1},"b":{},"f":{"1":1,"2":1},"fnMap":{"1":{"name":"(anonymous_1)","line":3,"loc":{"start":{"line":3,"column":51},"end":{"line":3,"column":63}}},"2":{"name":"(anonymous_2)","line":5,"loc":{"start":{"line":5,"column":32},"end":{"line":5,"column":44}}}},"statementMap":{"1":{"start":{"line":2,"column":0},"end":{"line":2,"column":49}},"2":{"start":{"line":3,"column":0},"end":{"line":8,"column":3}},"3":{"start":{"line":4,"column":4},"end":{"line":4,"column":18}},"4":{"start":{"line":5,"column":4},"end":{"line":7,"column":7}},"5":{"start":{"line":6,"column":8},"end":{"line":6,"column":36}}},"branchMap":{},"code":["\"use strict\";","var testing_1 = require('@angular/core/testing');","testing_1.describe('Moderate Side Nav: Component', function () {","    var component;","    testing_1.it('should run!', function () {","        testing_1.expect(1).toBe(1);","    });","});","//# sourceMappingURL=data:application/json;base64,eyJ2ZXJzaW9uIjozLCJmaWxlIjoicmF3LW11bHRpc2VsZWN0LmNvbXBvbmVudC5zcGVjLmpzIiwic291cmNlUm9vdCI6IiIsInNvdXJjZXMiOlsicmF3LW11bHRpc2VsZWN0LmNvbXBvbmVudC5zcGVjLnRzIl0sIm5hbWVzIjpbXSwibWFwcGluZ3MiOiI7QUFBQSx3QkFLTyx1QkFBdUIsQ0FBQyxDQUFBO0FBSS9CLGtCQUFRLENBQUMsOEJBQThCLEVBQUU7SUFDdkMsSUFBSSxTQUErQixDQUFDO0lBRXBDLFlBQUUsQ0FBQyxhQUFhLEVBQUU7UUFDaEIsZ0JBQU0sQ0FBQyxDQUFDLENBQUMsQ0FBQyxJQUFJLENBQUMsQ0FBQyxDQUFDLENBQUM7SUFDcEIsQ0FBQyxDQUFDLENBQUM7QUFFTCxDQUFDLENBQUMsQ0FBQyJ9"],"l":{"2":1,"3":1,"4":1,"5":1,"6":1}}}
